191102 12:54:29 [Note] Plugin 'FEDERATED' is disabled.
191102 12:54:29 InnoDB: The InnoDB memory heap is disabled
191102 12:54:29 InnoDB: Mutexes and rw_locks use Windows interlocked functions
191102 12:54:29 InnoDB: Compressed tables use zlib 1.2.3
191102 12:54:29 InnoDB: Initializing buffer pool, size = 128.0M
191102 12:54:29 InnoDB: Completed initialization of buffer pool
191102 12:54:29 InnoDB: Error: tablespace size must be at least 10 MB
191102 12:54:29 [ERROR] Plugin 'InnoDB' init function returned error.
191102 12:54:29 [ERROR] Plugin 'InnoDB' registration as a STORAGE ENGINE failed.
191104 18:24:03 [Note] Plugin 'FEDERATED' is disabled.
191104 18:24:03 InnoDB: The InnoDB memory heap is disabled
191104 18:24:03 InnoDB: Mutexes and rw_locks use Windows interlocked functions
191104 18:24:03 InnoDB: Compressed tables use zlib 1.2.3
191104 18:24:03 InnoDB: Initializing buffer pool, size = 128.0M
191104 18:24:03 InnoDB: Completed initialization of buffer pool
191104 18:24:03 InnoDB: Error: tablespace size must be at least 10 MB
191104 18:24:03 [ERROR] Plugin 'InnoDB' init function returned error.
191104 18:24:03 [ERROR] Plugin 'InnoDB' registration as a STORAGE ENGINE failed.
191105 14:26:23 [Note] Plugin 'FEDERATED' is disabled.
191105 14:26:23 InnoDB: The InnoDB memory heap is disabled
191105 14:26:23 InnoDB: Mutexes and rw_locks use Windows interlocked functions
191105 14:26:23 InnoDB: Compressed tables use zlib 1.2.3
191105 14:26:23 InnoDB: Initializing buffer pool, size = 128.0M
191105 14:26:23 InnoDB: Completed initialization of buffer pool
191105 14:26:23 InnoDB: Error: tablespace size must be at least 10 MB
191105 14:26:23 [ERROR] Plugin 'InnoDB' init function returned error.
191105 14:26:23 [ERROR] Plugin 'InnoDB' registration as a STORAGE ENGINE failed.
191107  7:06:36 [Note] Plugin 'FEDERATED' is disabled.
191107  7:06:37 InnoDB: The InnoDB memory heap is disabled
191107  7:06:37 InnoDB: Mutexes and rw_locks use Windows interlocked functions
191107  7:06:37 InnoDB: Compressed tables use zlib 1.2.3
191107  7:06:37 InnoDB: Initializing buffer pool, size = 128.0M
191107  7:06:37 InnoDB: Completed initialization of buffer pool
191107  7:06:37 InnoDB: Error: tablespace size must be at least 10 MB
191107  7:06:37 [ERROR] Plugin 'InnoDB' init function returned error.
191107  7:06:37 [ERROR] Plugin 'InnoDB' registration as a STORAGE ENGINE failed.
191107  7:09:31 [Note] Plugin 'FEDERATED' is disabled.
191107  7:09:31 InnoDB: The InnoDB memory heap is disabled
191107  7:09:31 InnoDB: Mutexes and rw_locks use Windows interlocked functions
191107  7:09:31 InnoDB: Compressed tables use zlib 1.2.3
191107  7:09:31 InnoDB: Initializing buffer pool, size = 128.0M
191107  7:09:31 InnoDB: Completed initialization of buffer pool
191107  7:09:31 InnoDB: Error: tablespace size must be at least 10 MB
191107  7:09:31 [ERROR] Plugin 'InnoDB' init function returned error.
191107  7:09:31 [ERROR] Plugin 'InnoDB' registration as a STORAGE ENGINE failed.
191107 21:10:59 [Note] Plugin 'FEDERATED' is disabled.
191107 21:10:59 InnoDB: The InnoDB memory heap is disabled
191107 21:10:59 InnoDB: Mutexes and rw_locks use Windows interlocked functions
191107 21:10:59 InnoDB: Compressed tables use zlib 1.2.3
191107 21:10:59 InnoDB: Initializing buffer pool, size = 128.0M
191107 21:10:59 InnoDB: Completed initialization of buffer pool
191107 21:10:59 InnoDB: Error: tablespace size must be at least 10 MB
191107 21:10:59 [ERROR] Plugin 'InnoDB' init function returned error.
191107 21:10:59 [ERROR] Plugin 'InnoDB' registration as a STORAGE ENGINE failed.
191108 10:02:50 [Note] Plugin 'FEDERATED' is disabled.
191108 10:02:50 InnoDB: The InnoDB memory heap is disabled
191108 10:02:50 InnoDB: Mutexes and rw_locks use Windows interlocked functions
191108 10:02:50 InnoDB: Compressed tables use zlib 1.2.3
191108 10:02:50 InnoDB: Initializing buffer pool, size = 128.0M
191108 10:02:50 InnoDB: Completed initialization of buffer pool
191108 10:02:51 InnoDB: Error: tablespace size must be at least 10 MB
191108 10:02:51 [ERROR] Plugin 'InnoDB' init function returned error.
191108 10:02:51 [ERROR] Plugin 'InnoDB' registration as a STORAGE ENGINE failed.
191110 17:58:33 [Note] Plugin 'FEDERATED' is disabled.
191110 17:58:33 InnoDB: The InnoDB memory heap is disabled
191110 17:58:33 InnoDB: Mutexes and rw_locks use Windows interlocked functions
191110 17:58:33 InnoDB: Compressed tables use zlib 1.2.3
191110 17:58:33 InnoDB: Initializing buffer pool, size = 128.0M
191110 17:58:33 InnoDB: Completed initialization of buffer pool
191110 17:58:33 InnoDB: Error: tablespace size must be at least 10 MB
191110 17:58:33 [ERROR] Plugin 'InnoDB' init function returned error.
191110 17:58:33 [ERROR] Plugin 'InnoDB' registration as a STORAGE ENGINE failed.
191111  7:49:04 [Note] Plugin 'FEDERATED' is disabled.
191111  7:49:04 InnoDB: The InnoDB memory heap is disabled
191111  7:49:04 InnoDB: Mutexes and rw_locks use Windows interlocked functions
191111  7:49:04 InnoDB: Compressed tables use zlib 1.2.3
191111  7:49:05 InnoDB: Initializing buffer pool, size = 128.0M
191111  7:49:05 InnoDB: Completed initialization of buffer pool
191111  7:49:05 InnoDB: Error: tablespace size must be at least 10 MB
191111  7:49:05 [ERROR] Plugin 'InnoDB' init function returned error.
191111  7:49:05 [ERROR] Plugin 'InnoDB' registration as a STORAGE ENGINE failed.
191111  7:49:05 [ERROR] Can't start server: Bind on TCP/IP port: No such file or directory
191111  7:49:05 [ERROR] Do you already have another mysqld server running on port: 3306 ?
191111  7:49:05 [ERROR] Aborting

191111  7:49:05 [Note] C:\JAVA\others\system\projects\cameron-tims\DB-CameronTIMS-v2.1\bin\mysqld.exe: Shutdown complete

191111 20:23:07 [Note] Plugin 'FEDERATED' is disabled.
191111 20:23:07 InnoDB: The InnoDB memory heap is disabled
191111 20:23:07 InnoDB: Mutexes and rw_locks use Windows interlocked functions
191111 20:23:07 InnoDB: Compressed tables use zlib 1.2.3
191111 20:23:07 InnoDB: Initializing buffer pool, size = 128.0M
191111 20:23:07 InnoDB: Completed initialization of buffer pool
191111 20:23:07 InnoDB: Error: tablespace size must be at least 10 MB
191111 20:23:07 [ERROR] Plugin 'InnoDB' init function returned error.
191111 20:23:07 [ERROR] Plugin 'InnoDB' registration as a STORAGE ENGINE failed.
191112 20:01:53 [Note] Plugin 'FEDERATED' is disabled.
191112 20:01:53 InnoDB: The InnoDB memory heap is disabled
191112 20:01:53 InnoDB: Mutexes and rw_locks use Windows interlocked functions
191112 20:01:53 InnoDB: Compressed tables use zlib 1.2.3
191112 20:01:53 InnoDB: Initializing buffer pool, size = 128.0M
191112 20:01:53 InnoDB: Completed initialization of buffer pool
191112 20:01:53 InnoDB: Error: tablespace size must be at least 10 MB
191112 20:01:53 [ERROR] Plugin 'InnoDB' init function returned error.
191112 20:01:53 [ERROR] Plugin 'InnoDB' registration as a STORAGE ENGINE failed.
191113  7:51:49 [Note] Plugin 'FEDERATED' is disabled.
191113  7:51:49 InnoDB: The InnoDB memory heap is disabled
191113  7:51:49 InnoDB: Mutexes and rw_locks use Windows interlocked functions
191113  7:51:49 InnoDB: Compressed tables use zlib 1.2.3
191113  7:51:49 InnoDB: Initializing buffer pool, size = 128.0M
191113  7:51:49 InnoDB: Completed initialization of buffer pool
191113  7:51:49 InnoDB: Error: tablespace size must be at least 10 MB
191113  7:51:49 [ERROR] Plugin 'InnoDB' init function returned error.
191113  7:51:49 [ERROR] Plugin 'InnoDB' registration as a STORAGE ENGINE failed.
191220 14:25:27 [Note] Plugin 'FEDERATED' is disabled.
191220 14:25:27 InnoDB: The InnoDB memory heap is disabled
191220 14:25:27 InnoDB: Mutexes and rw_locks use Windows interlocked functions
191220 14:25:27 InnoDB: Compressed tables use zlib 1.2.3
191220 14:25:27 InnoDB: Initializing buffer pool, size = 128.0M
191220 14:25:27 InnoDB: Completed initialization of buffer pool
191220 14:25:27 InnoDB: Error: tablespace size must be at least 10 MB
191220 14:25:27 [ERROR] Plugin 'InnoDB' init function returned error.
191220 14:25:27 [ERROR] Plugin 'InnoDB' registration as a STORAGE ENGINE failed.
191221 10:48:15 [Note] Plugin 'FEDERATED' is disabled.
191221 10:48:15 InnoDB: The InnoDB memory heap is disabled
191221 10:48:15 InnoDB: Mutexes and rw_locks use Windows interlocked functions
191221 10:48:15 InnoDB: Compressed tables use zlib 1.2.3
191221 10:48:15 InnoDB: Initializing buffer pool, size = 128.0M
191221 10:48:15 InnoDB: Completed initialization of buffer pool
191221 10:48:15 InnoDB: Error: tablespace size must be at least 10 MB
191221 10:48:15 [ERROR] Plugin 'InnoDB' init function returned error.
191221 10:48:15 [ERROR] Plugin 'InnoDB' registration as a STORAGE ENGINE failed.
191221 12:36:03 [Note] Plugin 'FEDERATED' is disabled.
191221 12:36:03 InnoDB: The InnoDB memory heap is disabled
191221 12:36:03 InnoDB: Mutexes and rw_locks use Windows interlocked functions
191221 12:36:03 InnoDB: Compressed tables use zlib 1.2.3
191221 12:36:03 InnoDB: Initializing buffer pool, size = 128.0M
191221 12:36:03 InnoDB: Completed initialization of buffer pool
191221 12:36:03 InnoDB: Error: tablespace size must be at least 10 MB
191221 12:36:03 [ERROR] Plugin 'InnoDB' init function returned error.
191221 12:36:03 [ERROR] Plugin 'InnoDB' registration as a STORAGE ENGINE failed.
191222 13:00:13 [Note] Plugin 'FEDERATED' is disabled.
191222 13:00:13 InnoDB: The InnoDB memory heap is disabled
191222 13:00:13 InnoDB: Mutexes and rw_locks use Windows interlocked functions
191222 13:00:13 InnoDB: Compressed tables use zlib 1.2.3
191222 13:00:13 InnoDB: Initializing buffer pool, size = 128.0M
191222 13:00:13 InnoDB: Completed initialization of buffer pool
191222 13:00:13 InnoDB: Error: tablespace size must be at least 10 MB
191222 13:00:13 [ERROR] Plugin 'InnoDB' init function returned error.
191222 13:00:13 [ERROR] Plugin 'InnoDB' registration as a STORAGE ENGINE failed.
191225 11:32:08 [Note] Plugin 'FEDERATED' is disabled.
191225 11:32:08 InnoDB: The InnoDB memory heap is disabled
191225 11:32:08 InnoDB: Mutexes and rw_locks use Windows interlocked functions
191225 11:32:08 InnoDB: Compressed tables use zlib 1.2.3
191225 11:32:08 InnoDB: Initializing buffer pool, size = 128.0M
191225 11:32:08 InnoDB: Completed initialization of buffer pool
191225 11:32:08 InnoDB: Error: tablespace size must be at least 10 MB
191225 11:32:08 [ERROR] Plugin 'InnoDB' init function returned error.
191225 11:32:08 [ERROR] Plugin 'InnoDB' registration as a STORAGE ENGINE failed.
191226  8:10:59 [Note] Plugin 'FEDERATED' is disabled.
191226  8:10:59 InnoDB: The InnoDB memory heap is disabled
191226  8:10:59 InnoDB: Mutexes and rw_locks use Windows interlocked functions
191226  8:10:59 InnoDB: Compressed tables use zlib 1.2.3
191226  8:10:59 InnoDB: Initializing buffer pool, size = 128.0M
191226  8:10:59 InnoDB: Completed initialization of buffer pool
191226  8:10:59 InnoDB: Error: tablespace size must be at least 10 MB
191226  8:10:59 [ERROR] Plugin 'InnoDB' init function returned error.
191226  8:10:59 [ERROR] Plugin 'InnoDB' registration as a STORAGE ENGINE failed.
200101 16:46:26 [Note] Plugin 'FEDERATED' is disabled.
200101 16:46:26 InnoDB: The InnoDB memory heap is disabled
200101 16:46:26 InnoDB: Mutexes and rw_locks use Windows interlocked functions
200101 16:46:26 InnoDB: Compressed tables use zlib 1.2.3
200101 16:46:26 InnoDB: Initializing buffer pool, size = 128.0M
200101 16:46:26 InnoDB: Completed initialization of buffer pool
200101 16:46:26 InnoDB: Error: tablespace size must be at least 10 MB
200101 16:46:26 [ERROR] Plugin 'InnoDB' init function returned error.
200101 16:46:26 [ERROR] Plugin 'InnoDB' registration as a STORAGE ENGINE failed.
200109  8:59:01 [Note] Plugin 'FEDERATED' is disabled.
200109  8:59:01 InnoDB: The InnoDB memory heap is disabled
200109  8:59:01 InnoDB: Mutexes and rw_locks use Windows interlocked functions
200109  8:59:01 InnoDB: Compressed tables use zlib 1.2.3
200109  8:59:01 InnoDB: Initializing buffer pool, size = 128.0M
200109  8:59:01 InnoDB: Completed initialization of buffer pool
200109  8:59:01 InnoDB: Error: tablespace size must be at least 10 MB
200109  8:59:01 [ERROR] Plugin 'InnoDB' init function returned error.
200109  8:59:01 [ERROR] Plugin 'InnoDB' registration as a STORAGE ENGINE failed.
200517 16:29:59 [Note] Plugin 'FEDERATED' is disabled.
200517 16:29:59 InnoDB: The InnoDB memory heap is disabled
200517 16:29:59 InnoDB: Mutexes and rw_locks use Windows interlocked functions
200517 16:29:59 InnoDB: Compressed tables use zlib 1.2.3
200517 16:29:59 InnoDB: Initializing buffer pool, size = 128.0M
200517 16:29:59 InnoDB: Completed initialization of buffer pool
200517 16:29:59 InnoDB: Error: tablespace size must be at least 10 MB
200517 16:29:59 [ERROR] Plugin 'InnoDB' init function returned error.
200517 16:29:59 [ERROR] Plugin 'InnoDB' registration as a STORAGE ENGINE failed.
200517 16:29:59 [ERROR] Native table 'performance_schema'.'events_waits_current' has the wrong structure
200517 16:29:59 [ERROR] Native table 'performance_schema'.'events_waits_history' has the wrong structure
200517 16:29:59 [ERROR] Native table 'performance_schema'.'events_waits_history_long' has the wrong structure
200517 16:29:59 [ERROR] Native table 'performance_schema'.'setup_consumers' has the wrong structure
200517 16:29:59 [ERROR] Native table 'performance_schema'.'setup_instruments' has the wrong structure
200517 16:29:59 [ERROR] Native table 'performance_schema'.'setup_timers' has the wrong structure
200517 16:29:59 [ERROR] Native table 'performance_schema'.'performance_timers' has the wrong structure
200517 16:29:59 [ERROR] Native table 'performance_schema'.'threads' has the wrong structure
200517 16:29:59 [ERROR] Native table 'performance_schema'.'events_waits_summary_by_thread_by_event_name' has the wrong structure
200517 16:29:59 [ERROR] Native table 'performance_schema'.'events_waits_summary_by_instance' has the wrong structure
200517 16:29:59 [ERROR] Native table 'performance_schema'.'events_waits_summary_global_by_event_name' has the wrong structure
200517 16:29:59 [ERROR] Native table 'performance_schema'.'file_summary_by_event_name' has the wrong structure
200517 16:29:59 [ERROR] Native table 'performance_schema'.'file_summary_by_instance' has the wrong structure
200517 16:29:59 [ERROR] Native table 'performance_schema'.'mutex_instances' has the wrong structure
200517 16:29:59 [ERROR] Native table 'performance_schema'.'rwlock_instances' has the wrong structure
200517 16:29:59 [ERROR] Native table 'performance_schema'.'cond_instances' has the wrong structure
200517 16:29:59 [ERROR] Native table 'performance_schema'.'file_instances' has the wrong structure
200517 16:29:59 [Note] Event Scheduler: Loaded 0 events
200517 16:29:59 [Note] C:\JAVA\others\system\projects\cameron-tims\DB-CameronTIMS-v3.1\bin\mysqld.exe: ready for connections.
Version: '5.5.13'  socket: ''  port: 3306  MySQL Community Server (GPL)
200519 15:59:07 [Note] Plugin 'FEDERATED' is disabled.
200519 15:59:07 InnoDB: The InnoDB memory heap is disabled
200519 15:59:07 InnoDB: Mutexes and rw_locks use Windows interlocked functions
200519 15:59:07 InnoDB: Compressed tables use zlib 1.2.3
200519 15:59:07 InnoDB: Initializing buffer pool, size = 128.0M
200519 15:59:07 InnoDB: Completed initialization of buffer pool
200519 15:59:07 InnoDB: Error: tablespace size must be at least 10 MB
200519 15:59:07 [ERROR] Plugin 'InnoDB' init function returned error.
200519 15:59:07 [ERROR] Plugin 'InnoDB' registration as a STORAGE ENGINE failed.
200519 22:01:22 [Note] Plugin 'FEDERATED' is disabled.
200519 22:01:22 InnoDB: The InnoDB memory heap is disabled
200519 22:01:22 InnoDB: Mutexes and rw_locks use Windows interlocked functions
200519 22:01:22 InnoDB: Compressed tables use zlib 1.2.3
200519 22:01:22 InnoDB: Initializing buffer pool, size = 128.0M
200519 22:01:22 InnoDB: Completed initialization of buffer pool
200519 22:01:22 InnoDB: Error: tablespace size must be at least 10 MB
200519 22:01:22 [ERROR] Plugin 'InnoDB' init function returned error.
200519 22:01:22 [ERROR] Plugin 'InnoDB' registration as a STORAGE ENGINE failed.
200520 14:08:37 [Note] Plugin 'FEDERATED' is disabled.
200520 14:08:37 InnoDB: The InnoDB memory heap is disabled
200520 14:08:37 InnoDB: Mutexes and rw_locks use Windows interlocked functions
200520 14:08:37 InnoDB: Compressed tables use zlib 1.2.3
200520 14:08:37 InnoDB: Initializing buffer pool, size = 128.0M
200520 14:08:37 InnoDB: Completed initialization of buffer pool
200520 14:08:37 InnoDB: Error: tablespace size must be at least 10 MB
200520 14:08:37 [ERROR] Plugin 'InnoDB' init function returned error.
200520 14:08:37 [ERROR] Plugin 'InnoDB' registration as a STORAGE ENGINE failed.
200526 10:52:05 [Note] Plugin 'FEDERATED' is disabled.
200526 10:52:05 InnoDB: The InnoDB memory heap is disabled
200526 10:52:05 InnoDB: Mutexes and rw_locks use Windows interlocked functions
200526 10:52:05 InnoDB: Compressed tables use zlib 1.2.3
200526 10:52:05 InnoDB: Initializing buffer pool, size = 128.0M
200526 10:52:05 InnoDB: Completed initialization of buffer pool
200526 10:52:05 InnoDB: Error: tablespace size must be at least 10 MB
200526 10:52:05 [ERROR] Plugin 'InnoDB' init function returned error.
200526 10:52:05 [ERROR] Plugin 'InnoDB' registration as a STORAGE ENGINE failed.
220721 20:00:14 [Note] Plugin 'FEDERATED' is disabled.
220721 20:00:14 InnoDB: The InnoDB memory heap is disabled
220721 20:00:14 InnoDB: Mutexes and rw_locks use Windows interlocked functions
220721 20:00:14 InnoDB: Compressed tables use zlib 1.2.3
220721 20:00:14 InnoDB: Initializing buffer pool, size = 128.0M
220721 20:00:14 InnoDB: Completed initialization of buffer pool
220721 20:00:14 InnoDB: Error: tablespace size must be at least 10 MB
220721 20:00:14 [ERROR] Plugin 'InnoDB' init function returned error.
220721 20:00:14 [ERROR] Plugin 'InnoDB' registration as a STORAGE ENGINE failed.
220721 20:00:15 [ERROR] Can't start server: Bind on TCP/IP port: No such file or directory
220721 20:00:15 [ERROR] Do you already have another mysqld server running on port: 3306 ?
220721 20:00:15 [ERROR] Aborting

220721 20:00:15 [Note] C:\temp\MTQ\DB-OCSMTQTMS-v1.0\bin\mysqld.exe: Shutdown complete

220721 20:01:21 [Note] Plugin 'FEDERATED' is disabled.
220721 20:01:21 InnoDB: The InnoDB memory heap is disabled
220721 20:01:21 InnoDB: Mutexes and rw_locks use Windows interlocked functions
220721 20:01:21 InnoDB: Compressed tables use zlib 1.2.3
220721 20:01:21 InnoDB: Initializing buffer pool, size = 128.0M
220721 20:01:21 InnoDB: Completed initialization of buffer pool
220721 20:01:21 InnoDB: Error: tablespace size must be at least 10 MB
220721 20:01:21 [ERROR] Plugin 'InnoDB' init function returned error.
220721 20:01:21 [ERROR] Plugin 'InnoDB' registration as a STORAGE ENGINE failed.
220721 20:01:21 [ERROR] Can't start server: Bind on TCP/IP port: No such file or directory
220721 20:01:21 [ERROR] Do you already have another mysqld server running on port: 3306 ?
220721 20:01:21 [ERROR] Aborting

220721 20:01:21 [Note] C:\temp\MTQ\DB-OCSMTQTMS-v1.0\bin\mysqld.exe: Shutdown complete

220721 20:03:12 [Note] Plugin 'FEDERATED' is disabled.
220721 20:03:12 InnoDB: The InnoDB memory heap is disabled
220721 20:03:12 InnoDB: Mutexes and rw_locks use Windows interlocked functions
220721 20:03:12 InnoDB: Compressed tables use zlib 1.2.3
220721 20:03:12 InnoDB: Initializing buffer pool, size = 128.0M
220721 20:03:12 InnoDB: Completed initialization of buffer pool
220721 20:03:12 InnoDB: Error: tablespace size must be at least 10 MB
220721 20:03:12 [ERROR] Plugin 'InnoDB' init function returned error.
220721 20:03:12 [ERROR] Plugin 'InnoDB' registration as a STORAGE ENGINE failed.
220721 20:03:12 [ERROR] Can't start server: Bind on TCP/IP port: No such file or directory
220721 20:03:12 [ERROR] Do you already have another mysqld server running on port: 3306 ?
220721 20:03:12 [ERROR] Aborting

220721 20:03:12 [Note] C:\temp\MTQ\DB-OCSMTQTMS-v1.0\bin\mysqld.exe: Shutdown complete

220721 20:04:31 [Note] Plugin 'FEDERATED' is disabled.
220721 20:04:31 InnoDB: The InnoDB memory heap is disabled
220721 20:04:31 InnoDB: Mutexes and rw_locks use Windows interlocked functions
220721 20:04:31 InnoDB: Compressed tables use zlib 1.2.3
220721 20:04:31 InnoDB: Initializing buffer pool, size = 128.0M
220721 20:04:31 InnoDB: Completed initialization of buffer pool
220721 20:04:31 InnoDB: Error: tablespace size must be at least 10 MB
220721 20:04:31 [ERROR] Plugin 'InnoDB' init function returned error.
220721 20:04:31 [ERROR] Plugin 'InnoDB' registration as a STORAGE ENGINE failed.
220721 20:04:31 [ERROR] Can't start server: Bind on TCP/IP port: No such file or directory
220721 20:04:31 [ERROR] Do you already have another mysqld server running on port: 3306 ?
220721 20:04:31 [ERROR] Aborting

220721 20:04:31 [Note] C:\temp\MTQ\DB-OCSMTQTMS-v1.0\bin\mysqld.exe: Shutdown complete

220721 20:04:40 [Note] Plugin 'FEDERATED' is disabled.
220721 20:04:40 InnoDB: The InnoDB memory heap is disabled
220721 20:04:40 InnoDB: Mutexes and rw_locks use Windows interlocked functions
220721 20:04:40 InnoDB: Compressed tables use zlib 1.2.3
220721 20:04:40 InnoDB: Initializing buffer pool, size = 128.0M
220721 20:04:40 InnoDB: Completed initialization of buffer pool
220721 20:04:40 InnoDB: Error: tablespace size must be at least 10 MB
220721 20:04:40 [ERROR] Plugin 'InnoDB' init function returned error.
220721 20:04:40 [ERROR] Plugin 'InnoDB' registration as a STORAGE ENGINE failed.
220721 20:04:40 [ERROR] Can't start server: Bind on TCP/IP port: No such file or directory
220721 20:04:40 [ERROR] Do you already have another mysqld server running on port: 3306 ?
220721 20:04:40 [ERROR] Aborting

220721 20:04:40 [Note] C:\temp\MTQ\DB-OCSMTQTMS-v1.0\bin\mysqld.exe: Shutdown complete

220721 20:05:42 [Note] Plugin 'FEDERATED' is disabled.
220721 20:05:42 InnoDB: The InnoDB memory heap is disabled
220721 20:05:42 InnoDB: Mutexes and rw_locks use Windows interlocked functions
220721 20:05:42 InnoDB: Compressed tables use zlib 1.2.3
220721 20:05:42 InnoDB: Initializing buffer pool, size = 128.0M
220721 20:05:42 InnoDB: Completed initialization of buffer pool
220721 20:05:42 InnoDB: Error: tablespace size must be at least 10 MB
220721 20:05:42 [ERROR] Plugin 'InnoDB' init function returned error.
220721 20:05:42 [ERROR] Plugin 'InnoDB' registration as a STORAGE ENGINE failed.
220721 20:06:04 [Note] Plugin 'FEDERATED' is disabled.
220721 20:06:04 InnoDB: The InnoDB memory heap is disabled
220721 20:06:04 InnoDB: Mutexes and rw_locks use Windows interlocked functions
220721 20:06:04 InnoDB: Compressed tables use zlib 1.2.3
220721 20:06:04 InnoDB: Initializing buffer pool, size = 128.0M
220721 20:06:04 InnoDB: Completed initialization of buffer pool
220721 20:06:04 InnoDB: Error: tablespace size must be at least 10 MB
220721 20:06:04 [ERROR] Plugin 'InnoDB' init function returned error.
220721 20:06:04 [ERROR] Plugin 'InnoDB' registration as a STORAGE ENGINE failed.
220721 20:06:04 [ERROR] Can't start server: Bind on TCP/IP port: No such file or directory
220721 20:06:04 [ERROR] Do you already have another mysqld server running on port: 3306 ?
220721 20:06:04 [ERROR] Aborting

220721 20:06:04 [Note] C:\temp\MTQ\DB-OCSMTQTMS-v1.0\bin\mysqld.exe: Shutdown complete

220722 13:43:50 [Note] Plugin 'FEDERATED' is disabled.
220722 13:43:50 InnoDB: The InnoDB memory heap is disabled
220722 13:43:50 InnoDB: Mutexes and rw_locks use Windows interlocked functions
220722 13:43:50 InnoDB: Compressed tables use zlib 1.2.3
220722 13:43:50 InnoDB: Initializing buffer pool, size = 128.0M
220722 13:43:50 InnoDB: Completed initialization of buffer pool
220722 13:43:50 InnoDB: Error: tablespace size must be at least 10 MB
220722 13:43:50 [ERROR] Plugin 'InnoDB' init function returned error.
220722 13:43:50 [ERROR] Plugin 'InnoDB' registration as a STORAGE ENGINE failed.
220806 20:33:39 [Note] Plugin 'FEDERATED' is disabled.
220806 20:33:39 InnoDB: The InnoDB memory heap is disabled
220806 20:33:39 InnoDB: Mutexes and rw_locks use Windows interlocked functions
220806 20:33:39 InnoDB: Compressed tables use zlib 1.2.3
220806 20:33:40 InnoDB: Initializing buffer pool, size = 128.0M
220806 20:33:40 InnoDB: Completed initialization of buffer pool
220806 20:33:40 InnoDB: Error: tablespace size must be at least 10 MB
220806 20:33:40 [ERROR] Plugin 'InnoDB' init function returned error.
220806 20:33:40 [ERROR] Plugin 'InnoDB' registration as a STORAGE ENGINE failed.
220809 10:19:26 [Note] Plugin 'FEDERATED' is disabled.
220809 10:19:26 InnoDB: The InnoDB memory heap is disabled
220809 10:19:26 InnoDB: Mutexes and rw_locks use Windows interlocked functions
220809 10:19:26 InnoDB: Compressed tables use zlib 1.2.3
220809 10:19:26 InnoDB: Initializing buffer pool, size = 128.0M
220809 10:19:26 InnoDB: Completed initialization of buffer pool
220809 10:19:26 InnoDB: Error: tablespace size must be at least 10 MB
220809 10:19:26 [ERROR] Plugin 'InnoDB' init function returned error.
220809 10:19:26 [ERROR] Plugin 'InnoDB' registration as a STORAGE ENGINE failed.
220820 11:53:01 [Note] Plugin 'FEDERATED' is disabled.
220820 11:53:01 InnoDB: The InnoDB memory heap is disabled
220820 11:53:01 InnoDB: Mutexes and rw_locks use Windows interlocked functions
220820 11:53:01 InnoDB: Compressed tables use zlib 1.2.3
220820 11:53:01 InnoDB: Initializing buffer pool, size = 128.0M
220820 11:53:01 InnoDB: Completed initialization of buffer pool
220820 11:53:01 InnoDB: Error: tablespace size must be at least 10 MB
220820 11:53:01 [ERROR] Plugin 'InnoDB' init function returned error.
220820 11:53:01 [ERROR] Plugin 'InnoDB' registration as a STORAGE ENGINE failed.
220820 13:43:28 [Note] Plugin 'FEDERATED' is disabled.
220820 13:43:28 InnoDB: The InnoDB memory heap is disabled
220820 13:43:28 InnoDB: Mutexes and rw_locks use Windows interlocked functions
220820 13:43:28 InnoDB: Compressed tables use zlib 1.2.3
220820 13:43:28 InnoDB: Initializing buffer pool, size = 128.0M
220820 13:43:28 InnoDB: Completed initialization of buffer pool
220820 13:43:28 InnoDB: Error: tablespace size must be at least 10 MB
220820 13:43:28 [ERROR] Plugin 'InnoDB' init function returned error.
220820 13:43:28 [ERROR] Plugin 'InnoDB' registration as a STORAGE ENGINE failed.
220921 12:55:29 [Note] Plugin 'FEDERATED' is disabled.
220921 12:55:29 InnoDB: The InnoDB memory heap is disabled
220921 12:55:29 InnoDB: Mutexes and rw_locks use Windows interlocked functions
220921 12:55:29 InnoDB: Compressed tables use zlib 1.2.3
220921 12:55:29 InnoDB: Initializing buffer pool, size = 128.0M
220921 12:55:29 InnoDB: Completed initialization of buffer pool
220921 12:55:29 InnoDB: Error: tablespace size must be at least 10 MB
220921 12:55:29 [ERROR] Plugin 'InnoDB' init function returned error.
220921 12:55:29 [ERROR] Plugin 'InnoDB' registration as a STORAGE ENGINE failed.
220921 12:56:12 [Note] Plugin 'FEDERATED' is disabled.
220921 12:56:12 InnoDB: The InnoDB memory heap is disabled
220921 12:56:12 InnoDB: Mutexes and rw_locks use Windows interlocked functions
220921 12:56:12 InnoDB: Compressed tables use zlib 1.2.3
220921 12:56:12 InnoDB: Initializing buffer pool, size = 128.0M
220921 12:56:12 InnoDB: Completed initialization of buffer pool
220921 12:56:12 InnoDB: Error: tablespace size must be at least 10 MB
220921 12:56:12 [ERROR] Plugin 'InnoDB' init function returned error.
220921 12:56:12 [ERROR] Plugin 'InnoDB' registration as a STORAGE ENGINE failed.
220921 12:56:12 [ERROR] Can't start server: Bind on TCP/IP port: No such file or directory
220921 12:56:12 [ERROR] Do you already have another mysqld server running on port: 3306 ?
220921 12:56:12 [ERROR] Aborting

220921 12:56:12 [Note] C:\temp\MTQ\DB-OCSMTQTMS-v1.0\bin\mysqld.exe: Shutdown complete

220924 11:32:47 [Note] Plugin 'FEDERATED' is disabled.
220924 11:32:47 InnoDB: The InnoDB memory heap is disabled
220924 11:32:47 InnoDB: Mutexes and rw_locks use Windows interlocked functions
220924 11:32:47 InnoDB: Compressed tables use zlib 1.2.3
220924 11:32:47 InnoDB: Initializing buffer pool, size = 128.0M
220924 11:32:47 InnoDB: Completed initialization of buffer pool
220924 11:32:47 InnoDB: Error: tablespace size must be at least 10 MB
220924 11:32:47 [ERROR] Plugin 'InnoDB' init function returned error.
220924 11:32:47 [ERROR] Plugin 'InnoDB' registration as a STORAGE ENGINE failed.
221001 12:04:54 [Note] Plugin 'FEDERATED' is disabled.
221001 12:04:54 InnoDB: The InnoDB memory heap is disabled
221001 12:04:54 InnoDB: Mutexes and rw_locks use Windows interlocked functions
221001 12:04:54 InnoDB: Compressed tables use zlib 1.2.3
221001 12:04:54 InnoDB: Initializing buffer pool, size = 128.0M
221001 12:04:54 InnoDB: Completed initialization of buffer pool
221001 12:04:54 InnoDB: Error: tablespace size must be at least 10 MB
221001 12:04:54 [ERROR] Plugin 'InnoDB' init function returned error.
221001 12:04:54 [ERROR] Plugin 'InnoDB' registration as a STORAGE ENGINE failed.
221003 12:01:10 [Note] Plugin 'FEDERATED' is disabled.
221003 12:01:10 InnoDB: The InnoDB memory heap is disabled
221003 12:01:10 InnoDB: Mutexes and rw_locks use Windows interlocked functions
221003 12:01:10 InnoDB: Compressed tables use zlib 1.2.3
221003 12:01:10 InnoDB: Initializing buffer pool, size = 128.0M
221003 12:01:10 InnoDB: Completed initialization of buffer pool
221003 12:01:10 InnoDB: Error: tablespace size must be at least 10 MB
221003 12:01:10 [ERROR] Plugin 'InnoDB' init function returned error.
221003 12:01:10 [ERROR] Plugin 'InnoDB' registration as a STORAGE ENGINE failed.
221003 12:02:16 [Note] Plugin 'FEDERATED' is disabled.
221003 12:02:16 InnoDB: The InnoDB memory heap is disabled
221003 12:02:16 InnoDB: Mutexes and rw_locks use Windows interlocked functions
221003 12:02:16 InnoDB: Compressed tables use zlib 1.2.3
221003 12:02:16 InnoDB: Initializing buffer pool, size = 128.0M
221003 12:02:16 InnoDB: Completed initialization of buffer pool
221003 12:02:16 InnoDB: Error: tablespace size must be at least 10 MB
221003 12:02:16 [ERROR] Plugin 'InnoDB' init function returned error.
221003 12:02:16 [ERROR] Plugin 'InnoDB' registration as a STORAGE ENGINE failed.
221008 12:13:06 [Note] Plugin 'FEDERATED' is disabled.
221008 12:13:06 InnoDB: The InnoDB memory heap is disabled
221008 12:13:06 InnoDB: Mutexes and rw_locks use Windows interlocked functions
221008 12:13:06 InnoDB: Compressed tables use zlib 1.2.3
221008 12:13:06 InnoDB: Initializing buffer pool, size = 128.0M
221008 12:13:06 InnoDB: Completed initialization of buffer pool
221008 12:13:06 InnoDB: Error: tablespace size must be at least 10 MB
221008 12:13:06 [ERROR] Plugin 'InnoDB' init function returned error.
221008 12:13:06 [ERROR] Plugin 'InnoDB' registration as a STORAGE ENGINE failed.
221008 19:46:57 [Note] Plugin 'FEDERATED' is disabled.
221008 19:46:57 InnoDB: The InnoDB memory heap is disabled
221008 19:46:57 InnoDB: Mutexes and rw_locks use Windows interlocked functions
221008 19:46:57 InnoDB: Compressed tables use zlib 1.2.3
221008 19:46:57 InnoDB: Initializing buffer pool, size = 128.0M
221008 19:46:57 InnoDB: Completed initialization of buffer pool
221008 19:46:57 InnoDB: Error: tablespace size must be at least 10 MB
221008 19:46:57 [ERROR] Plugin 'InnoDB' init function returned error.
221008 19:46:57 [ERROR] Plugin 'InnoDB' registration as a STORAGE ENGINE failed.
221009 14:39:35 [Note] Plugin 'FEDERATED' is disabled.
221009 14:39:35 InnoDB: The InnoDB memory heap is disabled
221009 14:39:35 InnoDB: Mutexes and rw_locks use Windows interlocked functions
221009 14:39:35 InnoDB: Compressed tables use zlib 1.2.3
221009 14:39:36 InnoDB: Initializing buffer pool, size = 128.0M
221009 14:39:36 InnoDB: Completed initialization of buffer pool
221009 14:39:36 InnoDB: Error: tablespace size must be at least 10 MB
221009 14:39:36 [ERROR] Plugin 'InnoDB' init function returned error.
221009 14:39:36 [ERROR] Plugin 'InnoDB' registration as a STORAGE ENGINE failed.
221012 12:20:17 [Note] Plugin 'FEDERATED' is disabled.
221012 12:20:17 InnoDB: The InnoDB memory heap is disabled
221012 12:20:17 InnoDB: Mutexes and rw_locks use Windows interlocked functions
221012 12:20:17 InnoDB: Compressed tables use zlib 1.2.3
221012 12:20:17 InnoDB: Initializing buffer pool, size = 128.0M
221012 12:20:17 InnoDB: Completed initialization of buffer pool
221012 12:20:17 InnoDB: Error: tablespace size must be at least 10 MB
221012 12:20:17 [ERROR] Plugin 'InnoDB' init function returned error.
221012 12:20:17 [ERROR] Plugin 'InnoDB' registration as a STORAGE ENGINE failed.
221013 14:18:46 [Note] Plugin 'FEDERATED' is disabled.
221013 14:18:46 InnoDB: The InnoDB memory heap is disabled
221013 14:18:46 InnoDB: Mutexes and rw_locks use Windows interlocked functions
221013 14:18:46 InnoDB: Compressed tables use zlib 1.2.3
221013 14:18:46 InnoDB: Initializing buffer pool, size = 128.0M
221013 14:18:46 InnoDB: Completed initialization of buffer pool
221013 14:18:46 InnoDB: Error: tablespace size must be at least 10 MB
221013 14:18:46 [ERROR] Plugin 'InnoDB' init function returned error.
221013 14:18:46 [ERROR] Plugin 'InnoDB' registration as a STORAGE ENGINE failed.
221014  9:54:23 [Note] Plugin 'FEDERATED' is disabled.
221014  9:54:23 InnoDB: The InnoDB memory heap is disabled
221014  9:54:23 InnoDB: Mutexes and rw_locks use Windows interlocked functions
221014  9:54:23 InnoDB: Compressed tables use zlib 1.2.3
221014  9:54:23 InnoDB: Initializing buffer pool, size = 128.0M
221014  9:54:23 InnoDB: Completed initialization of buffer pool
221014  9:54:23 InnoDB: Error: tablespace size must be at least 10 MB
221014  9:54:23 [ERROR] Plugin 'InnoDB' init function returned error.
221014  9:54:23 [ERROR] Plugin 'InnoDB' registration as a STORAGE ENGINE failed.
221015  8:44:59 [Note] Plugin 'FEDERATED' is disabled.
221015  8:44:59 InnoDB: The InnoDB memory heap is disabled
221015  8:44:59 InnoDB: Mutexes and rw_locks use Windows interlocked functions
221015  8:44:59 InnoDB: Compressed tables use zlib 1.2.3
221015  8:44:59 InnoDB: Initializing buffer pool, size = 128.0M
221015  8:44:59 InnoDB: Completed initialization of buffer pool
221015  8:44:59 InnoDB: Error: tablespace size must be at least 10 MB
221015  8:44:59 [ERROR] Plugin 'InnoDB' init function returned error.
221015  8:44:59 [ERROR] Plugin 'InnoDB' registration as a STORAGE ENGINE failed.
221015 14:59:32 [Note] Plugin 'FEDERATED' is disabled.
221015 14:59:32 InnoDB: The InnoDB memory heap is disabled
221015 14:59:32 InnoDB: Mutexes and rw_locks use Windows interlocked functions
221015 14:59:32 InnoDB: Compressed tables use zlib 1.2.3
221015 14:59:32 InnoDB: Initializing buffer pool, size = 128.0M
221015 14:59:32 InnoDB: Completed initialization of buffer pool
221015 14:59:32 InnoDB: Error: tablespace size must be at least 10 MB
221015 14:59:32 [ERROR] Plugin 'InnoDB' init function returned error.
221015 14:59:32 [ERROR] Plugin 'InnoDB' registration as a STORAGE ENGINE failed.
221029 22:32:21 [Note] Plugin 'FEDERATED' is disabled.
221029 22:32:21 InnoDB: The InnoDB memory heap is disabled
221029 22:32:21 InnoDB: Mutexes and rw_locks use Windows interlocked functions
221029 22:32:21 InnoDB: Compressed tables use zlib 1.2.3
221029 22:32:21 InnoDB: Initializing buffer pool, size = 128.0M
221029 22:32:21 InnoDB: Completed initialization of buffer pool
221029 22:32:21 InnoDB: Error: tablespace size must be at least 10 MB
221029 22:32:21 [ERROR] Plugin 'InnoDB' init function returned error.
221029 22:32:21 [ERROR] Plugin 'InnoDB' registration as a STORAGE ENGINE failed.
221030  9:56:39 [Note] Plugin 'FEDERATED' is disabled.
221030  9:56:39 InnoDB: The InnoDB memory heap is disabled
221030  9:56:39 InnoDB: Mutexes and rw_locks use Windows interlocked functions
221030  9:56:39 InnoDB: Compressed tables use zlib 1.2.3
221030  9:56:39 InnoDB: Initializing buffer pool, size = 128.0M
221030  9:56:39 InnoDB: Completed initialization of buffer pool
221030  9:56:39 InnoDB: Error: tablespace size must be at least 10 MB
221030  9:56:39 [ERROR] Plugin 'InnoDB' init function returned error.
221030  9:56:39 [ERROR] Plugin 'InnoDB' registration as a STORAGE ENGINE failed.
221108  7:33:12 [Note] Plugin 'FEDERATED' is disabled.
221108  7:33:12 InnoDB: The InnoDB memory heap is disabled
221108  7:33:12 InnoDB: Mutexes and rw_locks use Windows interlocked functions
221108  7:33:12 InnoDB: Compressed tables use zlib 1.2.3
221108  7:33:12 InnoDB: Initializing buffer pool, size = 128.0M
221108  7:33:12 InnoDB: Completed initialization of buffer pool
221108  7:33:12 InnoDB: Error: tablespace size must be at least 10 MB
221108  7:33:12 [ERROR] Plugin 'InnoDB' init function returned error.
221108  7:33:12 [ERROR] Plugin 'InnoDB' registration as a STORAGE ENGINE failed.
230218  9:36:56 [Note] Plugin 'FEDERATED' is disabled.
230218  9:36:56 InnoDB: The InnoDB memory heap is disabled
230218  9:36:56 InnoDB: Mutexes and rw_locks use Windows interlocked functions
230218  9:36:56 InnoDB: Compressed tables use zlib 1.2.3
230218  9:36:56 InnoDB: Initializing buffer pool, size = 128.0M
230218  9:36:56 InnoDB: Completed initialization of buffer pool
230218  9:36:56 InnoDB: Error: tablespace size must be at least 10 MB
230218  9:36:56 [ERROR] Plugin 'InnoDB' init function returned error.
230218  9:36:56 [ERROR] Plugin 'InnoDB' registration as a STORAGE ENGINE failed.
230312 16:02:16 [Note] Plugin 'FEDERATED' is disabled.
230312 16:02:16 InnoDB: The InnoDB memory heap is disabled
230312 16:02:16 InnoDB: Mutexes and rw_locks use Windows interlocked functions
230312 16:02:16 InnoDB: Compressed tables use zlib 1.2.3
230312 16:02:16 InnoDB: Initializing buffer pool, size = 128.0M
230312 16:02:16 InnoDB: Completed initialization of buffer pool
230312 16:02:16 InnoDB: Error: tablespace size must be at least 10 MB
230312 16:02:16 [ERROR] Plugin 'InnoDB' init function returned error.
230312 16:02:16 [ERROR] Plugin 'InnoDB' registration as a STORAGE ENGINE failed.
230312 21:58:00 [Note] Plugin 'FEDERATED' is disabled.
230312 21:58:00 InnoDB: The InnoDB memory heap is disabled
230312 21:58:00 InnoDB: Mutexes and rw_locks use Windows interlocked functions
230312 21:58:00 InnoDB: Compressed tables use zlib 1.2.3
230312 21:58:00 InnoDB: Initializing buffer pool, size = 128.0M
230312 21:58:00 InnoDB: Completed initialization of buffer pool
230312 21:58:00 InnoDB: Error: tablespace size must be at least 10 MB
230312 21:58:00 [ERROR] Plugin 'InnoDB' init function returned error.
230312 21:58:00 [ERROR] Plugin 'InnoDB' registration as a STORAGE ENGINE failed.
230312 21:58:00 [ERROR] Can't start server: Bind on TCP/IP port: No such file or directory
230312 21:58:00 [ERROR] Do you already have another mysqld server running on port: 3306 ?
230312 21:58:00 [ERROR] Aborting

230312 21:58:00 [Note] C:\temp\MTQ\Srinath\18-2-2023-DB\DB-OCSMTQTMS-v1.2.1\bin\mysqld.exe: Shutdown complete

230313 21:17:19 [Note] Plugin 'FEDERATED' is disabled.
230313 21:17:19 InnoDB: The InnoDB memory heap is disabled
230313 21:17:19 InnoDB: Mutexes and rw_locks use Windows interlocked functions
230313 21:17:19 InnoDB: Compressed tables use zlib 1.2.3
230313 21:17:19 InnoDB: Initializing buffer pool, size = 128.0M
230313 21:17:19 InnoDB: Completed initialization of buffer pool
230313 21:17:19 InnoDB: Error: tablespace size must be at least 10 MB
230313 21:17:19 [ERROR] Plugin 'InnoDB' init function returned error.
230313 21:17:19 [ERROR] Plugin 'InnoDB' registration as a STORAGE ENGINE failed.
230321 19:49:05 [Note] Plugin 'FEDERATED' is disabled.
230321 19:49:05 InnoDB: The InnoDB memory heap is disabled
230321 19:49:05 InnoDB: Mutexes and rw_locks use Windows interlocked functions
230321 19:49:05 InnoDB: Compressed tables use zlib 1.2.3
230321 19:49:05 InnoDB: Initializing buffer pool, size = 128.0M
230321 19:49:05 InnoDB: Completed initialization of buffer pool
230321 19:49:05 InnoDB: Error: tablespace size must be at least 10 MB
230321 19:49:05 [ERROR] Plugin 'InnoDB' init function returned error.
230321 19:49:05 [ERROR] Plugin 'InnoDB' registration as a STORAGE ENGINE failed.
230510 22:57:31 [Note] Plugin 'FEDERATED' is disabled.
230510 22:57:31 InnoDB: The InnoDB memory heap is disabled
230510 22:57:31 InnoDB: Mutexes and rw_locks use Windows interlocked functions
230510 22:57:31 InnoDB: Compressed tables use zlib 1.2.3
230510 22:57:31 InnoDB: Initializing buffer pool, size = 128.0M
230510 22:57:31 InnoDB: Completed initialization of buffer pool
230510 22:57:31 InnoDB: Error: tablespace size must be at least 10 MB
230510 22:57:31 [ERROR] Plugin 'InnoDB' init function returned error.
230510 22:57:31 [ERROR] Plugin 'InnoDB' registration as a STORAGE ENGINE failed.
230511  7:25:48 [Note] Plugin 'FEDERATED' is disabled.
230511  7:25:48 InnoDB: The InnoDB memory heap is disabled
230511  7:25:48 InnoDB: Mutexes and rw_locks use Windows interlocked functions
230511  7:25:48 InnoDB: Compressed tables use zlib 1.2.3
230511  7:25:48 InnoDB: Initializing buffer pool, size = 128.0M
230511  7:25:48 InnoDB: Completed initialization of buffer pool
230511  7:25:48 InnoDB: Error: tablespace size must be at least 10 MB
230511  7:25:48 [ERROR] Plugin 'InnoDB' init function returned error.
230511  7:25:48 [ERROR] Plugin 'InnoDB' registration as a STORAGE ENGINE failed.
230512  8:08:55 [Note] Plugin 'FEDERATED' is disabled.
230512  8:08:55 InnoDB: The InnoDB memory heap is disabled
230512  8:08:55 InnoDB: Mutexes and rw_locks use Windows interlocked functions
230512  8:08:55 InnoDB: Compressed tables use zlib 1.2.3
230512  8:08:55 InnoDB: Initializing buffer pool, size = 128.0M
230512  8:08:55 InnoDB: Completed initialization of buffer pool
230512  8:08:55 InnoDB: Error: tablespace size must be at least 10 MB
230512  8:08:55 [ERROR] Plugin 'InnoDB' init function returned error.
230512  8:08:55 [ERROR] Plugin 'InnoDB' registration as a STORAGE ENGINE failed.
